<?xml version="1.0" encoding="UTF-8"?>
<testsuite xmlns:xsi="http://www.w3.org/2001/XMLSchema-instance" xsi:noNamespaceSchemaLocation="https://maven.apache.org/surefire/maven-surefire-plugin/xsd/surefire-test-report-3.0.xsd" version="3.0" name="BankAccountServiceTest" time="0.987" tests="3" errors="2" skipped="0" failures="0">
  <properties>
[...]
</properties>
  <testcase name="testCreateAccount_Success" classname="BankAccountServiceTest" time="0.932">
    <system-err><![CDATA[Mockito is currently self-attaching to enable the inline-mock-maker. This will no longer work in future releases of the JDK. Please add Mockito as an agent to your build as described in Mockito's documentation: https://javadoc.io/doc/org.mockito/mockito-core/latest/org/mockito/Mockito.html#0.3
WARNING: A Java agent has been loaded dynamically (C:\Users\win 10\.m2\repository\net\bytebuddy\byte-buddy-agent\1.15.11\byte-buddy-agent-1.15.11.jar)
WARNING: If a serviceability tool is in use, please run with -XX:+EnableDynamicAgentLoading to hide this warning
WARNING: If a serviceability tool is not in use, please run with -Djdk.instrument.traceUsage for more information
WARNING: Dynamic loading of agents will be disallowed by default in a future release
]]></system-err>
  </testcase>
  <testcase name="testCreateAccount_FailedToCreateCustomer" classname="BankAccountServiceTest" time="0.023">
    <error message="No transaction aspect-managed TransactionStatus in scope" type="org.springframework.transaction.NoTransactionException"><![CDATA[org.springframework.transaction.NoTransactionException: No transaction aspect-managed TransactionStatus in scope
	at org.springframework.transaction.interceptor.TransactionAspectSupport.currentTransactionStatus(TransactionAspectSupport.java:165)
	at com.example.usecase.BankAccountService.CreateAccount(BankAccountService.java:49)
	at BankAccountServiceTest.testCreateAccount_FailedToCreateCustomer(BankAccountServiceTest.java:64)
	at java.base/java.lang.reflect.Method.invoke(Method.java:580)
	at java.base/java.util.ArrayList.forEach(ArrayList.java:1596)
	at java.base/java.util.ArrayList.forEach(ArrayList.java:1596)
]]></error>
    <system-out><![CDATA[16:00:42.640 [main] ERROR com.example.usecase.BankAccountService -- Error creating account: Failed to create customer
]]></system-out>
  </testcase>
  <testcase name="testCreateAccount_ExceptionThrown" classname="BankAccountServiceTest" time="0.008">
    <error message="No transaction aspect-managed TransactionStatus in scope" type="org.springframework.transaction.NoTransactionException"><![CDATA[org.springframework.transaction.NoTransactionException: No transaction aspect-managed TransactionStatus in scope
	at org.springframework.transaction.interceptor.TransactionAspectSupport.currentTransactionStatus(TransactionAspectSupport.java:165)
	at com.example.usecase.BankAccountService.CreateAccount(BankAccountService.java:49)
	at BankAccountServiceTest.testCreateAccount_ExceptionThrown(BankAccountServiceTest.java:80)
	at java.base/java.lang.reflect.Method.invoke(Method.java:580)
	at java.base/java.util.ArrayList.forEach(ArrayList.java:1596)
	at java.base/java.util.ArrayList.forEach(ArrayList.java:1596)
]]></error>
    <system-out><![CDATA[16:00:42.668 [main] ERROR com.example.usecase.BankAccountService -- Error creating account: Database error
]]></system-out>
  </testcase>
</testsuite>